<?xml version="1.0" encoding="UTF-8"?>
<!-- Generated by org.testng.reporters.JUnitReportReporter -->
<testsuite name="test.ValidLoginLogout" tests="1" time="10.193" ignored="0" failures="0" timestamp="26 May 2017 18:39:56 GMT" skipped="0" hostname="Ajay" errors="0">
  <testcase name="testvalidLoginlogout" time="10.193" classname="test.ValidLoginLogout"/>
</testsuite> <!-- test.ValidLoginLogout -->
