<?xml version="1.0" encoding="UTF-8"?>
<!-- Generated by org.testng.reporters.JUnitReportReporter -->
<testsuite name="test.InvalidLogin" tests="1" time="8.368" ignored="0" failures="0" timestamp="26 May 2017 18:39:56 GMT" skipped="0" hostname="Ajay" errors="0">
  <testcase name="testInvaidLogin" time="8.368" classname="test.InvalidLogin"/>
</testsuite> <!-- test.InvalidLogin -->
